1494012332554	geckodriver	INFO	Listening on 127.0.0.1:55337
1494012333550	geckodriver::marionette	INFO	Starting browser /Applications/Firefox.app/Contents/MacOS/firefox-bin with args ["-marionette"]
1494012337439	Marionette	INFO	Listening on port 55346
1494012337559	Marionette	WARN	TLS certificate errors will be ignored for this session
2017-05-05 15:25:38.360 plugin-container[17606:53103131] *** CFMessagePort: bootstrap_register(): failed 1100 (0x44c) 'Permission denied', port = 0x9537, name = 'com.apple.tsm.portname'
See /usr/include/servers/bootstrap_defs.h for the error codes.
2017-05-05 15:25:38.363 plugin-container[17606:53103131] *** CFMessagePort: bootstrap_register(): failed 1100 (0x44c) 'Permission denied', port = 0x9803, name = 'com.apple.CFPasteboardClient'
See /usr/include/servers/bootstrap_defs.h for the error codes.
1494012338836	Marionette	INFO	New connections will no longer be accepted
1494016288868	geckodriver	INFO	Listening on 127.0.0.1:56156
1494016289907	geckodriver::marionette	INFO	Starting browser /Applications/Firefox.app/Contents/MacOS/firefox-bin with args ["-marionette"]
1494016293935	Marionette	INFO	Listening on port 56165
1494016294111	Marionette	WARN	TLS certificate errors will be ignored for this session
2017-05-05 16:31:34.951 plugin-container[19428:53177150] *** CFMessagePort: bootstrap_register(): failed 1100 (0x44c) 'Permission denied', port = 0x973f, name = 'com.apple.tsm.portname'
See /usr/include/servers/bootstrap_defs.h for the error codes.
2017-05-05 16:31:34.963 plugin-container[19428:53177150] *** CFMessagePort: bootstrap_register(): failed 1100 (0x44c) 'Permission denied', port = 0x9a03, name = 'com.apple.CFPasteboardClient'
See /usr/include/servers/bootstrap_defs.h for the error codes.
1494016295148	Marionette	INFO	New connections will no longer be accepted
1494017540168	geckodriver	INFO	Listening on 127.0.0.1:56690
1494018154159	geckodriver	INFO	Listening on 127.0.0.1:56937
1494018155179	geckodriver::marionette	INFO	Starting browser /Applications/Firefox.app/Contents/MacOS/firefox-bin with args ["-marionette"]
1494018159674	Marionette	INFO	Listening on port 56946
1494018160018	Marionette	WARN	TLS certificate errors will be ignored for this session
2017-05-05 17:02:40.907 plugin-container[20374:53214542] *** CFMessagePort: bootstrap_register(): failed 1100 (0x44c) 'Permission denied', port = 0x963f, name = 'com.apple.tsm.portname'
See /usr/include/servers/bootstrap_defs.h for the error codes.
2017-05-05 17:02:40.911 plugin-container[20374:53214542] *** CFMessagePort: bootstrap_register(): failed 1100 (0x44c) 'Permission denied', port = 0x9903, name = 'com.apple.CFPasteboardClient'
See /usr/include/servers/bootstrap_defs.h for the error codes.
1494018161250	Marionette	INFO	New connections will no longer be accepted
1494019123299	geckodriver	INFO	Listening on 127.0.0.1:57354
1494019124286	geckodriver::marionette	INFO	Starting browser /Applications/Firefox.app/Contents/MacOS/firefox-bin with args ["-marionette"]
1494019128880	Marionette	INFO	Listening on port 57364
1494019129116	Marionette	WARN	TLS certificate errors will be ignored for this session
2017-05-05 17:18:50.446 plugin-container[21613:53237492] *** CFMessagePort: bootstrap_register(): failed 1100 (0x44c) 'Permission denied', port = 0x973f, name = 'com.apple.tsm.portname'
See /usr/include/servers/bootstrap_defs.h for the error codes.
2017-05-05 17:18:50.450 plugin-container[21613:53237492] *** CFMessagePort: bootstrap_register(): failed 1100 (0x44c) 'Permission denied', port = 0x9a03, name = 'com.apple.CFPasteboardClient'
See /usr/include/servers/bootstrap_defs.h for the error codes.
1494019130721	Marionette	INFO	New connections will no longer be accepted
1494019166103	geckodriver	INFO	Listening on 127.0.0.1:57465
1494019167250	geckodriver::marionette	INFO	Starting browser /Applications/Firefox.app/Contents/MacOS/firefox-bin with args ["-marionette"]
1494019170398	Marionette	INFO	Listening on port 57474
1494019170576	Marionette	WARN	TLS certificate errors will be ignored for this session
2017-05-05 17:19:31.538 plugin-container[21668:53239536] *** CFMessagePort: bootstrap_register(): failed 1100 (0x44c) 'Permission denied', port = 0x9637, name = 'com.apple.tsm.portname'
See /usr/include/servers/bootstrap_defs.h for the error codes.
2017-05-05 17:19:31.545 plugin-container[21668:53239536] *** CFMessagePort: bootstrap_register(): failed 1100 (0x44c) 'Permission denied', port = 0x9907, name = 'com.apple.CFPasteboardClient'
See /usr/include/servers/bootstrap_defs.h for the error codes.
1494019171700	Marionette	INFO	New connections will no longer be accepted
[GFX1-]: Receive IPC close with reason=AbnormalShutdown
1494019735046	geckodriver	INFO	Listening on 127.0.0.1:57617
1494022873836	geckodriver	INFO	Listening on 127.0.0.1:58402
1494022875043	geckodriver::marionette	INFO	Starting browser /Applications/Firefox.app/Contents/MacOS/firefox-bin with args ["-marionette"]
1494022879440	Marionette	INFO	Listening on port 58411
1494022879606	Marionette	WARN	TLS certificate errors will be ignored for this session
1494022880550	Marionette	INFO	New connections will no longer be accepted
2017-05-05 18:21:20.653 plugin-container[24076:53319499] *** CFMessagePort: bootstrap_register(): failed 1100 (0x44c) 'Permission denied', port = 0x962f, name = 'com.apple.tsm.portname'
See /usr/include/servers/bootstrap_defs.h for the error codes.
1494023469614	geckodriver	INFO	Listening on 127.0.0.1:58579
1494023470713	geckodriver::marionette	INFO	Starting browser /Applications/Firefox.app/Contents/MacOS/firefox-bin with args ["-marionette"]
1494023474466	Marionette	INFO	Listening on port 58588
1494023474602	Marionette	WARN	TLS certificate errors will be ignored for this session
2017-05-05 18:31:15.376 plugin-container[24466:53333835] *** CFMessagePort: bootstrap_register(): failed 1100 (0x44c) 'Permission denied', port = 0x963b, name = 'com.apple.tsm.portname'
See /usr/include/servers/bootstrap_defs.h for the error codes.
2017-05-05 18:31:15.378 plugin-container[24466:53333835] *** CFMessagePort: bootstrap_register(): failed 1100 (0x44c) 'Permission denied', port = 0x9903, name = 'com.apple.CFPasteboardClient'
See /usr/include/servers/bootstrap_defs.h for the error codes.
1494023475571	Marionette	INFO	New connections will no longer be accepted
1494023821439	geckodriver	INFO	Listening on 127.0.0.1:58734
1494023822521	geckodriver::marionette	INFO	Starting browser /Applications/Firefox.app/Contents/MacOS/firefox-bin with args ["-marionette"]
1494023826441	Marionette	INFO	Listening on port 58743
1494023826569	Marionette	WARN	TLS certificate errors will be ignored for this session
2017-05-05 18:37:07.165 plugin-container[24568:53339307] *** CFMessagePort: bootstrap_register(): failed 1100 (0x44c) 'Permission denied', port = 0x963b, name = 'com.apple.tsm.portname'
See /usr/include/servers/bootstrap_defs.h for the error codes.
2017-05-05 18:37:07.170 plugin-container[24568:53339307] *** CFMessagePort: bootstrap_register(): failed 1100 (0x44c) 'Permission denied', port = 0x9903, name = 'com.apple.CFPasteboardClient'
See /usr/include/servers/bootstrap_defs.h for the error codes.
1494023827421	Marionette	INFO	New connections will no longer be accepted
1494025048301	geckodriver	INFO	Listening on 127.0.0.1:59063
1494025122088	geckodriver	INFO	Listening on 127.0.0.1:59084
1494025123229	geckodriver::marionette	INFO	Starting browser /Applications/Firefox.app/Contents/MacOS/firefox-bin with args ["-marionette"]
1494025127550	Marionette	INFO	Listening on port 59093
1494025127691	Marionette	WARN	TLS certificate errors will be ignored for this session
1494025129042	Marionette	INFO	New connections will no longer be accepted
2017-05-05 18:58:49.090 plugin-container[25396:53369840] *** CFMessagePort: bootstrap_register(): failed 1100 (0x44c) 'Permission denied', port = 0x973b, name = 'com.apple.tsm.portname'
See /usr/include/servers/bootstrap_defs.h for the error codes.
2017-05-05 18:58:49.111 plugin-container[25396:53369840] *** CFMessagePort: bootstrap_register(): failed 1100 (0x44c) 'Permission denied', port = 0x9a07, name = 'com.apple.CFPasteboardClient'
See /usr/include/servers/bootstrap_defs.h for the error codes.
1494028032565	geckodriver	INFO	Listening on 127.0.0.1:49611
1494028033643	geckodriver::marionette	INFO	Starting browser /Applications/Firefox.app/Contents/MacOS/firefox-bin with args ["-marionette"]
1494028036664	Marionette	INFO	Listening on port 49621
1494028036787	Marionette	WARN	TLS certificate errors will be ignored for this session
1494028037617	Marionette	INFO	New connections will no longer be accepted
2017-05-05 19:47:17.655 plugin-container[1365:41606] *** CFMessagePort: bootstrap_register(): failed 1100 (0x44c) 'Permission denied', port = 0x9633, name = 'com.apple.tsm.portname'
See /usr/include/servers/bootstrap_defs.h for the error codes.
2017-05-05 19:47:17.657 plugin-container[1365:41606] *** CFMessagePort: bootstrap_register(): failed 1100 (0x44c) 'Permission denied', port = 0x9a03, name = 'com.apple.CFPasteboardClient'
See /usr/include/servers/bootstrap_defs.h for the error codes.
1494028302558	geckodriver	INFO	Listening on 127.0.0.1:49738
1494028303595	geckodriver::marionette	INFO	Starting browser /Applications/Firefox.app/Contents/MacOS/firefox-bin with args ["-marionette"]
1494028305696	Marionette	INFO	Listening on port 49747
1494028305783	Marionette	WARN	TLS certificate errors will be ignored for this session
1494028306323	Marionette	INFO	New connections will no longer be accepted
1494081428814	geckodriver	INFO	Listening on 127.0.0.1:51859
1494081429867	geckodriver::marionette	INFO	Starting browser /Applications/Firefox.app/Contents/MacOS/firefox-bin with args ["-marionette"]
1494081432008	Marionette	INFO	Listening on port 51868
1494081432078	Marionette	WARN	TLS certificate errors will be ignored for this session
2017-05-06 10:37:12.585 plugin-container[1996:160427] *** CFMessagePort: bootstrap_register(): failed 1100 (0x44c) 'Permission denied', port = 0x963b, name = 'com.apple.tsm.portname'
See /usr/include/servers/bootstrap_defs.h for the error codes.
2017-05-06 10:37:12.589 plugin-container[1996:160427] *** CFMessagePort: bootstrap_register(): failed 1100 (0x44c) 'Permission denied', port = 0x9903, name = 'com.apple.CFPasteboardClient'
See /usr/include/servers/bootstrap_defs.h for the error codes.
1494081432694	Marionette	INFO	New connections will no longer be accepted
1494081467816	geckodriver	INFO	Listening on 127.0.0.1:51932
1494081468855	geckodriver::marionette	INFO	Starting browser /Applications/Firefox.app/Contents/MacOS/firefox-bin with args ["-marionette"]
1494081470737	Marionette	INFO	Listening on port 51941
1494081470855	Marionette	WARN	TLS certificate errors will be ignored for this session
2017-05-06 10:37:51.341 plugin-container[2007:161893] *** CFMessagePort: bootstrap_register(): failed 1100 (0x44c) 'Permission denied', port = 0x9733, name = 'com.apple.tsm.portname'
See /usr/include/servers/bootstrap_defs.h for the error codes.
2017-05-06 10:37:51.343 plugin-container[2007:161893] *** CFMessagePort: bootstrap_register(): failed 1100 (0x44c) 'Permission denied', port = 0x9a03, name = 'com.apple.CFPasteboardClient'
See /usr/include/servers/bootstrap_defs.h for the error codes.
1494081471386	Marionette	INFO	New connections will no longer be accepted
1494084493987	geckodriver	INFO	Listening on 127.0.0.1:52451
1494084495025	geckodriver::marionette	INFO	Starting browser /Applications/Firefox.app/Contents/MacOS/firefox-bin with args ["-marionette"]
1494084497031	Marionette	INFO	Listening on port 52460
1494084497131	Marionette	WARN	TLS certificate errors will be ignored for this session
2017-05-06 11:28:17.564 plugin-container[2412:203236] *** CFMessagePort: bootstrap_register(): failed 1100 (0x44c) 'Permission denied', port = 0x963b, name = 'com.apple.tsm.portname'
See /usr/include/servers/bootstrap_defs.h for the error codes.
2017-05-06 11:28:17.566 plugin-container[2412:203236] *** CFMessagePort: bootstrap_register(): failed 1100 (0x44c) 'Permission denied', port = 0x9903, name = 'com.apple.CFPasteboardClient'
See /usr/include/servers/bootstrap_defs.h for the error codes.
1494084497668	Marionette	INFO	New connections will no longer be accepted
1494092636610	geckodriver	INFO	Listening on 127.0.0.1:52889
1494092637646	geckodriver::marionette	INFO	Starting browser /Applications/Firefox.app/Contents/MacOS/firefox-bin with args ["-marionette"]
1494092639654	Marionette	INFO	Listening on port 52898
1494092639741	Marionette	WARN	TLS certificate errors will be ignored for this session
2017-05-06 13:44:00.173 plugin-container[2906:273568] *** CFMessagePort: bootstrap_register(): failed 1100 (0x44c) 'Permission denied', port = 0x963b, name = 'com.apple.tsm.portname'
See /usr/include/servers/bootstrap_defs.h for the error codes.
2017-05-06 13:44:00.175 plugin-container[2906:273568] *** CFMessagePort: bootstrap_register(): failed 1100 (0x44c) 'Permission denied', port = 0x9903, name = 'com.apple.CFPasteboardClient'
See /usr/include/servers/bootstrap_defs.h for the error codes.
1494092640291	Marionette	INFO	New connections will no longer be accepted
1494099309878	geckodriver	INFO	Listening on 127.0.0.1:53879
1494099310911	geckodriver::marionette	INFO	Starting browser /Applications/Firefox.app/Contents/MacOS/firefox-bin with args ["-marionette"]
1494099313452	Marionette	INFO	Listening on port 53894
1494099313573	Marionette	WARN	TLS certificate errors will be ignored for this session
2017-05-06 19:35:14.155 plugin-container[3080:344941] *** CFMessagePort: bootstrap_register(): failed 1100 (0x44c) 'Permission denied', port = 0x963f, name = 'com.apple.tsm.portname'
See /usr/include/servers/bootstrap_defs.h for the error codes.
2017-05-06 19:35:14.156 plugin-container[3080:344941] *** CFMessagePort: bootstrap_register(): failed 1100 (0x44c) 'Permission denied', port = 0x9903, name = 'com.apple.CFPasteboardClient'
See /usr/include/servers/bootstrap_defs.h for the error codes.
1494099314283	Marionette	INFO	New connections will no longer be accepted
1494099332270	geckodriver	INFO	Listening on 127.0.0.1:53966
1494099333311	geckodriver::marionette	INFO	Starting browser /Applications/Firefox.app/Contents/MacOS/firefox-bin with args ["-marionette"]
1494099335295	Marionette	INFO	Listening on port 53975
1494099335375	Marionette	WARN	TLS certificate errors will be ignored for this session
2017-05-06 15:35:35.912 plugin-container[3089:345838] *** CFMessagePort: bootstrap_register(): failed 1100 (0x44c) 'Permission denied', port = 0x973b, name = 'com.apple.tsm.portname'
See /usr/include/servers/bootstrap_defs.h for the error codes.
2017-05-06 15:35:35.913 plugin-container[3089:345838] *** CFMessagePort: bootstrap_register(): failed 1100 (0x44c) 'Permission denied', port = 0x9a03, name = 'com.apple.CFPasteboardClient'
See /usr/include/servers/bootstrap_defs.h for the error codes.
1494099336023	Marionette	INFO	New connections will no longer be accepted
1494106478602	geckodriver	INFO	Listening on 127.0.0.1:54278
1494106479643	geckodriver::marionette	INFO	Starting browser /Applications/Firefox.app/Contents/MacOS/firefox-bin with args ["-marionette"]
1494106481810	Marionette	INFO	Listening on port 54287
1494106481882	Marionette	WARN	TLS certificate errors will be ignored for this session
1494106482280	Marionette	INFO	New connections will no longer be accepted
1494106482413	geckodriver	INFO	Listening on 127.0.0.1:54344
1494106482493	geckodriver::marionette	INFO	Starting browser /Applications/Firefox.app/Contents/MacOS/firefox-bin with args ["-marionette"]
1494106484539	Marionette	INFO	Listening on port 54351
1494106484610	Marionette	WARN	TLS certificate errors will be ignored for this session
1494106485037	Marionette	INFO	New connections will no longer be accepted
1494123885966	geckodriver	INFO	Listening on 127.0.0.1:54879
1494123887004	geckodriver::marionette	INFO	Starting browser /Applications/Firefox.app/Contents/MacOS/firefox-bin with args ["-marionette"]
1494123889197	Marionette	INFO	Listening on port 54896
1494123889303	Marionette	WARN	TLS certificate errors will be ignored for this session
2017-05-07 02:24:49.759 plugin-container[3344:401659] *** CFMessagePort: bootstrap_register(): failed 1100 (0x44c) 'Permission denied', port = 0x963b, name = 'com.apple.tsm.portname'
See /usr/include/servers/bootstrap_defs.h for the error codes.
2017-05-07 02:24:49.761 plugin-container[3344:401659] *** CFMessagePort: bootstrap_register(): failed 1100 (0x44c) 'Permission denied', port = 0x9a03, name = 'com.apple.CFPasteboardClient'
See /usr/include/servers/bootstrap_defs.h for the error codes.
1494123889930	Marionette	INFO	New connections will no longer be accepted
1494123890083	geckodriver	INFO	Listening on 127.0.0.1:54959
1494123891137	geckodriver::marionette	INFO	Starting browser /Applications/Firefox.app/Contents/MacOS/firefox-bin with args ["-marionette"]
1494123893430	Marionette	INFO	Listening on port 54972
1494123893500	Marionette	WARN	TLS certificate errors will be ignored for this session
2017-05-07 02:24:54.094 plugin-container[3349:402401] *** CFMessagePort: bootstrap_register(): failed 1100 (0x44c) 'Permission denied', port = 0x973b, name = 'com.apple.tsm.portname'
See /usr/include/servers/bootstrap_defs.h for the error codes.
2017-05-07 02:24:54.095 plugin-container[3349:402401] *** CFMessagePort: bootstrap_register(): failed 1100 (0x44c) 'Permission denied', port = 0x9b03, name = 'com.apple.CFPasteboardClient'
See /usr/include/servers/bootstrap_defs.h for the error codes.
1494123894150	Marionette	INFO	New connections will no longer be accepted
[GFX1-]: Receive IPC close with reason=AbnormalShutdown
1494126050471	geckodriver	INFO	Listening on 127.0.0.1:55479
1494126051507	geckodriver::marionette	INFO	Starting browser /Applications/Firefox.app/Contents/MacOS/firefox-bin with args ["-marionette"]
1494126053349	Marionette	INFO	Listening on port 55488
1494126053408	Marionette	WARN	TLS certificate errors will be ignored for this session
2017-05-07 03:00:53.977 plugin-container[3409:427390] *** CFMessagePort: bootstrap_register(): failed 1100 (0x44c) 'Permission denied', port = 0x963b, name = 'com.apple.tsm.portname'
See /usr/include/servers/bootstrap_defs.h for the error codes.
2017-05-07 03:00:53.981 plugin-container[3409:427390] *** CFMessagePort: bootstrap_register(): failed 1100 (0x44c) 'Permission denied', port = 0x9903, name = 'com.apple.CFPasteboardClient'
See /usr/include/servers/bootstrap_defs.h for the error codes.
1494126054434	Marionette	INFO	New connections will no longer be accepted
1494126054564	geckodriver	INFO	Listening on 127.0.0.1:55554
1494126055614	geckodriver::marionette	INFO	Starting browser /Applications/Firefox.app/Contents/MacOS/firefox-bin with args ["-marionette"]
1494126057633	Marionette	INFO	Listening on port 55563
1494126057724	Marionette	WARN	TLS certificate errors will be ignored for this session
2017-05-07 03:00:58.185 plugin-container[3417:428184] *** CFMessagePort: bootstrap_register(): failed 1100 (0x44c) 'Permission denied', port = 0x973b, name = 'com.apple.tsm.portname'
See /usr/include/servers/bootstrap_defs.h for the error codes.
2017-05-07 03:00:58.188 plugin-container[3417:428184] *** CFMessagePort: bootstrap_register(): failed 1100 (0x44c) 'Permission denied', port = 0x9b03, name = 'com.apple.CFPasteboardClient'
See /usr/include/servers/bootstrap_defs.h for the error codes.
1494126058540	Marionette	INFO	New connections will no longer be accepted
1494127268208	geckodriver	INFO	Listening on 127.0.0.1:55750
1494127269250	geckodriver::marionette	INFO	Starting browser /Applications/Firefox.app/Contents/MacOS/firefox-bin with args ["-marionette"]
1494127271143	Marionette	INFO	Listening on port 55760
1494127271247	Marionette	WARN	TLS certificate errors will be ignored for this session
2017-05-07 03:21:11.700 plugin-container[3440:444770] *** CFMessagePort: bootstrap_register(): failed 1100 (0x44c) 'Permission denied', port = 0x9537, name = 'com.apple.tsm.portname'
See /usr/include/servers/bootstrap_defs.h for the error codes.
2017-05-07 03:21:11.702 plugin-container[3440:444770] *** CFMessagePort: bootstrap_register(): failed 1100 (0x44c) 'Permission denied', port = 0x9803, name = 'com.apple.CFPasteboardClient'
See /usr/include/servers/bootstrap_defs.h for the error codes.
1494127272248	Marionette	INFO	New connections will no longer be accepted
1494127272381	geckodriver	INFO	Listening on 127.0.0.1:55825
1494127273419	geckodriver::marionette	INFO	Starting browser /Applications/Firefox.app/Contents/MacOS/firefox-bin with args ["-marionette"]
1494127275534	Marionette	INFO	Listening on port 55834
1494127275641	Marionette	WARN	TLS certificate errors will be ignored for this session
2017-05-07 03:21:16.198 plugin-container[3445:445524] *** CFMessagePort: bootstrap_register(): failed 1100 (0x44c) 'Permission denied', port = 0x973b, name = 'com.apple.tsm.portname'
See /usr/include/servers/bootstrap_defs.h for the error codes.
2017-05-07 03:21:16.200 plugin-container[3445:445524] *** CFMessagePort: bootstrap_register(): failed 1100 (0x44c) 'Permission denied', port = 0x9b03, name = 'com.apple.CFPasteboardClient'
See /usr/include/servers/bootstrap_defs.h for the error codes.
1494127276686	Marionette	INFO	New connections will no longer be accepted
1494127436257	geckodriver	INFO	Listening on 127.0.0.1:55930
1494127437298	geckodriver::marionette	INFO	Starting browser /Applications/Firefox.app/Contents/MacOS/firefox-bin with args ["-marionette"]
1494127439175	Marionette	INFO	Listening on port 55944
1494127439323	Marionette	WARN	TLS certificate errors will be ignored for this session
2017-05-07 03:23:59.758 plugin-container[3462:449092] *** CFMessagePort: bootstrap_register(): failed 1100 (0x44c) 'Permission denied', port = 0x963b, name = 'com.apple.tsm.portname'
See /usr/include/servers/bootstrap_defs.h for the error codes.
2017-05-07 03:23:59.761 plugin-container[3462:449092] *** CFMessagePort: bootstrap_register(): failed 1100 (0x44c) 'Permission denied', port = 0x9903, name = 'com.apple.CFPasteboardClient'
See /usr/include/servers/bootstrap_defs.h for the error codes.
1494127440218	Marionette	INFO	New connections will no longer be accepted
1494127440358	geckodriver	INFO	Listening on 127.0.0.1:56010
1494127441398	geckodriver::marionette	INFO	Starting browser /Applications/Firefox.app/Contents/MacOS/firefox-bin with args ["-marionette"]
1494127443273	Marionette	INFO	Listening on port 56019
1494127443392	Marionette	WARN	TLS certificate errors will be ignored for this session
2017-05-07 03:24:03.819 plugin-container[3467:449839] *** CFMessagePort: bootstrap_register(): failed 1100 (0x44c) 'Permission denied', port = 0x963b, name = 'com.apple.tsm.portname'
See /usr/include/servers/bootstrap_defs.h for the error codes.
2017-05-07 03:24:03.820 plugin-container[3467:449839] *** CFMessagePort: bootstrap_register(): failed 1100 (0x44c) 'Permission denied', port = 0x9903, name = 'com.apple.CFPasteboardClient'
See /usr/include/servers/bootstrap_defs.h for the error codes.
1494127444216	Marionette	INFO	New connections will no longer be accepted
[GFX1-]: Receive IPC close with reason=AbnormalShutdown
1494127573903	geckodriver	INFO	Listening on 127.0.0.1:56097
1494127574942	geckodriver::marionette	INFO	Starting browser /Applications/Firefox.app/Contents/MacOS/firefox-bin with args ["-marionette"]
1494127576847	Marionette	INFO	Listening on port 56112
1494127576944	Marionette	WARN	TLS certificate errors will be ignored for this session
2017-05-07 03:26:17.386 plugin-container[3477:452144] *** CFMessagePort: bootstrap_register(): failed 1100 (0x44c) 'Permission denied', port = 0x9633, name = 'com.apple.tsm.portname'
See /usr/include/servers/bootstrap_defs.h for the error codes.
2017-05-07 03:26:17.391 plugin-container[3477:452144] *** CFMessagePort: bootstrap_register(): failed 1100 (0x44c) 'Permission denied', port = 0x9903, name = 'com.apple.CFPasteboardClient'
See /usr/include/servers/bootstrap_defs.h for the error codes.
1494127577845	Marionette	INFO	New connections will no longer be accepted
1494127577996	geckodriver	INFO	Listening on 127.0.0.1:56178
1494127579030	geckodriver::marionette	INFO	Starting browser /Applications/Firefox.app/Contents/MacOS/firefox-bin with args ["-marionette"]
1494127581257	Marionette	INFO	Listening on port 56187
1494127581367	Marionette	WARN	TLS certificate errors will be ignored for this session
2017-05-07 03:26:21.822 plugin-container[3482:452864] *** CFMessagePort: bootstrap_register(): failed 1100 (0x44c) 'Permission denied', port = 0x952f, name = 'com.apple.tsm.portname'
See /usr/include/servers/bootstrap_defs.h for the error codes.
2017-05-07 03:26:21.824 plugin-container[3482:452864] *** CFMessagePort: bootstrap_register(): failed 1100 (0x44c) 'Permission denied', port = 0x9803, name = 'com.apple.CFPasteboardClient'
See /usr/include/servers/bootstrap_defs.h for the error codes.
1494127582265	Marionette	INFO	New connections will no longer be accepted
1494127973896	geckodriver	INFO	Listening on 127.0.0.1:56283
1494127974932	geckodriver::marionette	INFO	Starting browser /Applications/Firefox.app/Contents/MacOS/firefox-bin with args ["-marionette"]
1494127976893	Marionette	INFO	Listening on port 56299
1494127976951	Marionette	WARN	TLS certificate errors will be ignored for this session
2017-05-07 03:32:57.409 plugin-container[3497:460090] *** CFMessagePort: bootstrap_register(): failed 1100 (0x44c) 'Permission denied', port = 0x953b, name = 'com.apple.tsm.portname'
See /usr/include/servers/bootstrap_defs.h for the error codes.
2017-05-07 03:32:57.410 plugin-container[3497:460090] *** CFMessagePort: bootstrap_register(): failed 1100 (0x44c) 'Permission denied', port = 0x9803, name = 'com.apple.CFPasteboardClient'
See /usr/include/servers/bootstrap_defs.h for the error codes.
1494127977794	Marionette	INFO	New connections will no longer be accepted
1494127977901	geckodriver	INFO	Listening on 127.0.0.1:56365
1494127978938	geckodriver::marionette	INFO	Starting browser /Applications/Firefox.app/Contents/MacOS/firefox-bin with args ["-marionette"]
1494127980813	Marionette	INFO	Listening on port 56374
1494127980925	Marionette	WARN	TLS certificate errors will be ignored for this session
2017-05-07 03:33:01.365 plugin-container[3502:460809] *** CFMessagePort: bootstrap_register(): failed 1100 (0x44c) 'Permission denied', port = 0x963b, name = 'com.apple.tsm.portname'
See /usr/include/servers/bootstrap_defs.h for the error codes.
2017-05-07 03:33:01.366 plugin-container[3502:460809] *** CFMessagePort: bootstrap_register(): failed 1100 (0x44c) 'Permission denied', port = 0x9903, name = 'com.apple.CFPasteboardClient'
See /usr/include/servers/bootstrap_defs.h for the error codes.
1494127981835	Marionette	INFO	New connections will no longer be accepted
[GFX1-]: Receive IPC close with reason=AbnormalShutdown
1494128769867	geckodriver	INFO	Listening on 127.0.0.1:56477
1494128770911	geckodriver::marionette	INFO	Starting browser /Applications/Firefox.app/Contents/MacOS/firefox-bin with args ["-marionette"]
1494128772933	Marionette	INFO	Listening on port 56491
1494128773034	Marionette	WARN	TLS certificate errors will be ignored for this session
2017-05-07 03:46:13.499 plugin-container[3519:471831] *** CFMessagePort: bootstrap_register(): failed 1100 (0x44c) 'Permission denied', port = 0x953b, name = 'com.apple.tsm.portname'
See /usr/include/servers/bootstrap_defs.h for the error codes.
2017-05-07 03:46:13.504 plugin-container[3519:471831] *** CFMessagePort: bootstrap_register(): failed 1100 (0x44c) 'Permission denied', port = 0x9803, name = 'com.apple.CFPasteboardClient'
See /usr/include/servers/bootstrap_defs.h for the error codes.
1494128773966	Marionette	INFO	New connections will no longer be accepted
1494128774095	geckodriver	INFO	Listening on 127.0.0.1:56561
1494128775129	geckodriver::marionette	INFO	Starting browser /Applications/Firefox.app/Contents/MacOS/firefox-bin with args ["-marionette"]
1494128776958	Marionette	INFO	Listening on port 56570
1494128777053	Marionette	WARN	TLS certificate errors will be ignored for this session
2017-05-07 03:46:17.485 plugin-container[3524:472555] *** CFMessagePort: bootstrap_register(): failed 1100 (0x44c) 'Permission denied', port = 0x973b, name = 'com.apple.tsm.portname'
See /usr/include/servers/bootstrap_defs.h for the error codes.
2017-05-07 03:46:17.486 plugin-container[3524:472555] *** CFMessagePort: bootstrap_register(): failed 1100 (0x44c) 'Permission denied', port = 0x9a03, name = 'com.apple.CFPasteboardClient'
See /usr/include/servers/bootstrap_defs.h for the error codes.
1494128777857	Marionette	INFO	New connections will no longer be accepted
